<?xml version="1.0" encoding="UTF-8"?>
<testsuite name="InformationTest" tests="6" skipped="0" failures="0" errors="0" timestamp="2015-08-24T22:38:52" hostname="epicodus-103.local" time="0.062">
  <properties/>
  <testcase name="equals_returnsTrueIfNamesAretheSame" classname="InformationTest" time="0.006"/>
  <testcase name="all_emptyAtFirst" classname="InformationTest" time="0.009"/>
  <testcase name="save_savesIntoDatabase_true" classname="InformationTest" time="0.016"/>
  <testcase name="delete_deleteInformationInDatabase_false" classname="InformationTest" time="0.013"/>
  <testcase name="find_findInformationInDatabase_true" classname="InformationTest" time="0.014"/>
  <testcase name="getName_testIfWorks_true" classname="InformationTest" time="0.004"/>
  <system-out><![CDATA[]]></system-out>
  <system-err><![CDATA[]]></system-err>
</testsuite>
