<?xml version="1.0" encoding="UTF-8"?>
<testsuite name="ResturantTest" tests="1" skipped="0" failures="0" errors="0" timestamp="2015-08-24T17:34:40" hostname="epicodus-103.local" time="0.09">
  <properties/>
  <testcase name="all_emptyAtFirst" classname="ResturantTest" time="0.09"/>
  <system-out><![CDATA[]]></system-out>
  <system-err><![CDATA[]]></system-err>
</testsuite>
